[debug] [2025-09-02T10:10:24.992Z] ----------------------------------------------------------------------
[debug] [2025-09-02T10:10:24.993Z] Command:       /usr/local/bin/node /Users/mihtriii/.npm-global/bin/firebase init
[debug] [2025-09-02T10:10:24.993Z] CLI Version:   14.15.1
[debug] [2025-09-02T10:10:24.993Z] Platform:      darwin
[debug] [2025-09-02T10:10:24.993Z] Node Version:  v22.19.0
[debug] [2025-09-02T10:10:24.993Z] Time:          Tue Sep 02 2025 17:10:24 GMT+0700 (Indochina Time)
[debug] [2025-09-02T10:10:24.993Z] ----------------------------------------------------------------------
[debug] 
[debug] [2025-09-02T10:10:24.996Z] > command requires scopes: ["email","openid","https://www.googleapis.com/auth/cloudplatformprojects.readonly","https://www.googleapis.com/auth/firebase","https://www.googleapis.com/auth/cloud-platform"]
[debug] [2025-09-02T10:10:24.996Z] > authorizing via signed-in user (mihtriii295@gmail.com)
[info] 
     ######## #### ########  ######## ########     ###     ######  ########
     ##        ##  ##     ## ##       ##     ##  ##   ##  ##       ##
     ######    ##  ########  ######   ########  #########  ######  ######
     ##        ##  ##    ##  ##       ##     ## ##     ##       ## ##
     ##       #### ##     ## ######## ########  ##     ##  ######  ########

You're about to initialize a Firebase project in this directory:

  /Users/mihtriii/Desktop/personal-site-react

[info] 
=== Project Setup
[info] 
[info] First, let's associate this project directory with a Firebase project.
[info] You can create multiple project aliases by running firebase use --add, 
[info] but for now we'll just set up a default project.
[info] 
[debug] [2025-09-02T10:10:35.324Z] Checked if tokens are valid: true, expires at: 1756811280428
[debug] [2025-09-02T10:10:35.324Z] Checked if tokens are valid: true, expires at: 1756811280428
[debug] [2025-09-02T10:10:35.325Z] >>> [apiv2][query] GET https://firebase.googleapis.com/v1beta1/projects pageSize=100
[debug] [2025-09-02T10:10:36.181Z] <<< [apiv2][status] GET https://firebase.googleapis.com/v1beta1/projects 200
[debug] [2025-09-02T10:10:36.182Z] <<< [apiv2][body] GET https://firebase.googleapis.com/v1beta1/projects [omitted]
[info] i  Using project personalapp-ff73c (Personalapp) 
[info] 
=== Hosting Setup
[debug] [2025-09-02T10:10:37.793Z] Checked if tokens are valid: true, expires at: 1756811280428
[debug] [2025-09-02T10:10:37.794Z] Checked if tokens are valid: true, expires at: 1756811280428
[debug] [2025-09-02T10:10:37.794Z] >>> [apiv2][query] GET https://firebase.googleapis.com/v1beta1/projects/personalapp-ff73c [none]
[debug] [2025-09-02T10:10:38.977Z] <<< [apiv2][status] GET https://firebase.googleapis.com/v1beta1/projects/personalapp-ff73c 200
[debug] [2025-09-02T10:10:38.978Z] <<< [apiv2][body] GET https://firebase.googleapis.com/v1beta1/projects/personalapp-ff73c {"projectId":"personalapp-ff73c","projectNumber":"418067623524","displayName":"Personalapp","name":"projects/personalapp-ff73c","resources":{"hostingSite":"personalapp-ff73c"},"state":"ACTIVE","etag":"1_f547910a-ecad-4c47-b9ad-f3bb7ca98925"}
[info] 
[info] Your public directory is the folder (relative to your project directory) that
[info] will contain Hosting assets to be uploaded with firebase deploy. If you
[info] have a build process for your assets, use your build's output directory.
[info] 
[debug] [2025-09-02T10:10:50.708Z] >>> [apiv2][query] GET https://www.gstatic.com/firebasejs/releases.json [none]
[debug] [2025-09-02T10:10:50.834Z] <<< [apiv2][status] GET https://www.gstatic.com/firebasejs/releases.json 200
[debug] [2025-09-02T10:10:50.835Z] <<< [apiv2][body] GET https://www.gstatic.com/firebasejs/releases.json {"current":{"version":"12.2.1","browserURL":"https://www.gstatic.com/firebasejs/12.2.1/firebase.js","packageURL":"https://www.gstatic.com/firebasejs/12.2.1/firebase.tgz"},"live":{"version":"12.2","browserURL":"https://www.gstatic.com/firebasejs/live/12.2/firebase.js","packageURL":"https://www.gstatic.com/firebasejs/live/12.2/firebase.tgz"},"components":{"ai":"https://www.gstatic.com/firebasejs/12.2.1/firebase-ai.js","analytics":"https://www.gstatic.com/firebasejs/12.2.1/firebase-analytics.js","app":"https://www.gstatic.com/firebasejs/12.2.1/firebase-app.js","app-check":"https://www.gstatic.com/firebasejs/12.2.1/firebase-app-check.js","auth":"https://www.gstatic.com/firebasejs/12.2.1/firebase-auth.js","auth/cordova":"https://www.gstatic.com/firebasejs/12.2.1/firebase-auth/cordova.js","auth/web-extension":"https://www.gstatic.com/firebasejs/12.2.1/firebase-auth/web-extension.js","functions":"https://www.gstatic.com/firebasejs/12.2.1/firebase-functions.js","firestore":"https://www.gstatic.com/firebasejs/12.2.1/firebase-firestore.js","firestore/lite":"https://www.gstatic.com/firebasejs/12.2.1/firebase-firestore/lite.js","installations":"https://www.gstatic.com/firebasejs/12.2.1/firebase-installations.js","storage":"https://www.gstatic.com/firebasejs/12.2.1/firebase-storage.js","performance":"https://www.gstatic.com/firebasejs/12.2.1/firebase-performance.js","remote-config":"https://www.gstatic.com/firebasejs/12.2.1/firebase-remote-config.js","messaging":"https://www.gstatic.com/firebasejs/12.2.1/firebase-messaging.js","messaging/sw":"https://www.gstatic.com/firebasejs/12.2.1/firebase-messaging/sw.js","database":"https://www.gstatic.com/firebasejs/12.2.1/firebase-database.js","data-connect":"https://www.gstatic.com/firebasejs/12.2.1/firebase-data-connect.js","firestore.memory":"https://www.gstatic.com/firebasejs/12.2.1/firebase-firestore.memory.js"}}
[info] ✔  Wrote public/index.html 
[info] 
[info] i  Detected a .git folder at /Users/mihtriii/Desktop/personal-site-react 
[info] i  Authorizing with GitHub to upload your service account to a GitHub repository's secrets store. 
[info] 
[info] Visit this URL on this device to log in:
[info] https://github.com/login/oauth/authorize?client_id=89cf50f02ac6aaed3484&state=66357983&redirect_uri=http%3A%2F%2Flocalhost%3A9005&scope=read%3Auser%20repo%20public_repo
[info] 
[info] Waiting for authentication...
[debug] [2025-09-02T10:11:02.357Z] >>> [apiv2][query] POST https://github.com/login/oauth/access_token [none]
[debug] [2025-09-02T10:11:02.357Z] >>> [apiv2][body] POST https://github.com/login/oauth/access_token [stream]
[debug] [2025-09-02T10:11:02.866Z] <<< [apiv2][status] POST https://github.com/login/oauth/access_token 200
[debug] [2025-09-02T10:11:02.867Z] <<< [apiv2][body] POST https://github.com/login/oauth/access_token {"access_token":"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","token_type":"bearer","scope":"read:user,repo"}
[debug] [2025-09-02T10:11:02.872Z] >>> [apiv2][query] GET https://api.github.com/user [none]
[debug] [2025-09-02T10:11:03.635Z] <<< [apiv2][status] GET https://api.github.com/user 200
[debug] [2025-09-02T10:11:03.635Z] <<< [apiv2][body] GET https://api.github.com/user {"login":"mihtriii","id":102375310,"node_id":"U_kgDOBhofjg","avatar_url":"https://avatars.githubusercontent.com/u/102375310?v=4","gravatar_id":"","url":"https://api.github.com/users/mihtriii","html_url":"https://github.com/mihtriii","followers_url":"https://api.github.com/users/mihtriii/followers","following_url":"https://api.github.com/users/mihtriii/following{/other_user}","gists_url":"https://api.github.com/users/mihtriii/gists{/gist_id}","starred_url":"https://api.github.com/users/mihtriii/starred{/owner}{/repo}","subscriptions_url":"https://api.github.com/users/mihtriii/subscriptions","organizations_url":"https://api.github.com/users/mihtriii/orgs","repos_url":"https://api.github.com/users/mihtriii/repos","events_url":"https://api.github.com/users/mihtriii/events{/privacy}","received_events_url":"https://api.github.com/users/mihtriii/received_events","type":"User","user_view_type":"private","site_admin":false,"name":null,"company":null,"blog":"","location":null,"email":null,"hireable":null,"bio":null,"twitter_username":null,"notification_email":null,"public_repos":3,"public_gists":0,"followers":0,"following":0,"created_at":"2022-03-25T15:39:48Z","updated_at":"2025-08-27T06:15:24Z","private_gists":0,"total_private_repos":8,"owned_private_repos":7,"disk_usage":915143,"collaborators":2,"two_factor_authentication":true,"plan":{"name":"free","space":976562499,"collaborators":0,"private_repos":10000}}
[info] 
[info] ✔  Success! Logged into GitHub as mihtriii 
[info] 
